C:\USERS\RAUL\DESKTOP\PLANTILLAOPENGL01\PLANTILLAOPENGL01\DEBUG\MAIN.CPP.NATIVECODEANALYSIS.XML
C:\USERS\RAUL\DESKTOP\PLANTILLAOPENGL01\PLANTILLAOPENGL01\DEBUG\VC110.PDB
C:\USERS\RAUL\DESKTOP\PLANTILLAOPENGL01\PLANTILLAOPENGL01\DEBUG\MAIN.OBJ
C:\USERS\RAUL\DESKTOP\BRICK\PLANTILLAOPENGL01\DEBUG\VC110.PDB
C:\USERS\RAUL\DESKTOP\BRICK\PLANTILLAOPENGL01\DEBUG\MAIN.OBJ
C:\USERS\RAUL\DESKTOP\PLANTILLAOPENGL01\DEBUG\PLANTILLAOPENGL01.ILK
C:\USERS\RAUL\DESKTOP\PLANTILLAOPENGL01\DEBUG\PLANTILLAOPENGL01.EXE
C:\USERS\RAUL\DESKTOP\PLANTILLAOPENGL01\DEBUG\PLANTILLAOPENGL01.PDB
C:\USERS\RAUL\DESKTOP\BRICK\DEBUG\BRICK.ILK
C:\USERS\RAUL\DESKTOP\BRICK\DEBUG\BRICK.EXE
C:\USERS\RAUL\DESKTOP\BRICK\DEBUG\BRICK.PDB
C:\Users\Raul\Desktop\Brick\PlantillaOpenGL01\Debug\main.obj
C:\Users\Raul\Desktop\Brick\PlantillaOpenGL01\Debug\cl.command.1.tlog
C:\Users\Raul\Desktop\Brick\PlantillaOpenGL01\Debug\CL.read.1.tlog
C:\Users\Raul\Desktop\Brick\PlantillaOpenGL01\Debug\CL.write.1.tlog
C:\Users\Raul\Desktop\Brick\PlantillaOpenGL01\Debug\link-cvtres.read.1.tlog
C:\Users\Raul\Desktop\Brick\PlantillaOpenGL01\Debug\link-cvtres.write.1.tlog
C:\Users\Raul\Desktop\Brick\PlantillaOpenGL01\Debug\link-rc.read.1.tlog
C:\Users\Raul\Desktop\Brick\PlantillaOpenGL01\Debug\link-rc.write.1.tlog
C:\Users\Raul\Desktop\Brick\PlantillaOpenGL01\Debug\link.1020-cvtres.read.1.tlog
C:\Users\Raul\Desktop\Brick\PlantillaOpenGL01\Debug\link.1020-cvtres.write.1.tlog
C:\Users\Raul\Desktop\Brick\PlantillaOpenGL01\Debug\link.1020-rc.read.1.tlog
C:\Users\Raul\Desktop\Brick\PlantillaOpenGL01\Debug\link.1020-rc.write.1.tlog
C:\Users\Raul\Desktop\Brick\PlantillaOpenGL01\Debug\link.1020.read.1.tlog
C:\Users\Raul\Desktop\Brick\PlantillaOpenGL01\Debug\link.1020.write.1.tlog
C:\Users\Raul\Desktop\Brick\PlantillaOpenGL01\Debug\link.10612-cvtres.read.1.tlog
C:\Users\Raul\Desktop\Brick\PlantillaOpenGL01\Debug\link.10612-cvtres.write.1.tlog
C:\Users\Raul\Desktop\Brick\PlantillaOpenGL01\Debug\link.10612-rc.read.1.tlog
C:\Users\Raul\Desktop\Brick\PlantillaOpenGL01\Debug\link.10612-rc.write.1.tlog
C:\Users\Raul\Desktop\Brick\PlantillaOpenGL01\Debug\link.10612.read.1.tlog
C:\Users\Raul\Desktop\Brick\PlantillaOpenGL01\Debug\link.10612.write.1.tlog
C:\Users\Raul\Desktop\Brick\PlantillaOpenGL01\Debug\link.10936-cvtres.read.1.tlog
C:\Users\Raul\Desktop\Brick\PlantillaOpenGL01\Debug\link.10936-cvtres.write.1.tlog
C:\Users\Raul\Desktop\Brick\PlantillaOpenGL01\Debug\link.10936-rc.read.1.tlog
C:\Users\Raul\Desktop\Brick\PlantillaOpenGL01\Debug\link.10936-rc.write.1.tlog
C:\Users\Raul\Desktop\Brick\PlantillaOpenGL01\Debug\link.10936.read.1.tlog
C:\Users\Raul\Desktop\Brick\PlantillaOpenGL01\Debug\link.10936.write.1.tlog
C:\Users\Raul\Desktop\Brick\PlantillaOpenGL01\Debug\link.2200-cvtres.read.1.tlog
C:\Users\Raul\Desktop\Brick\PlantillaOpenGL01\Debug\link.2200-cvtres.write.1.tlog
C:\Users\Raul\Desktop\Brick\PlantillaOpenGL01\Debug\link.2200-rc.read.1.tlog
C:\Users\Raul\Desktop\Brick\PlantillaOpenGL01\Debug\link.2200-rc.write.1.tlog
C:\Users\Raul\Desktop\Brick\PlantillaOpenGL01\Debug\link.2200.read.1.tlog
C:\Users\Raul\Desktop\Brick\PlantillaOpenGL01\Debug\link.2200.write.1.tlog
C:\Users\Raul\Desktop\Brick\PlantillaOpenGL01\Debug\link.2272-cvtres.read.1.tlog
C:\Users\Raul\Desktop\Brick\PlantillaOpenGL01\Debug\link.2272-cvtres.write.1.tlog
C:\Users\Raul\Desktop\Brick\PlantillaOpenGL01\Debug\link.2272-rc.read.1.tlog
C:\Users\Raul\Desktop\Brick\PlantillaOpenGL01\Debug\link.2272-rc.write.1.tlog
C:\Users\Raul\Desktop\Brick\PlantillaOpenGL01\Debug\link.2272.read.1.tlog
C:\Users\Raul\Desktop\Brick\PlantillaOpenGL01\Debug\link.2272.write.1.tlog
C:\Users\Raul\Desktop\Brick\PlantillaOpenGL01\Debug\link.3640-cvtres.read.1.tlog
C:\Users\Raul\Desktop\Brick\PlantillaOpenGL01\Debug\link.3640-cvtres.write.1.tlog
C:\Users\Raul\Desktop\Brick\PlantillaOpenGL01\Debug\link.3640-rc.read.1.tlog
C:\Users\Raul\Desktop\Brick\PlantillaOpenGL01\Debug\link.3640-rc.write.1.tlog
C:\Users\Raul\Desktop\Brick\PlantillaOpenGL01\Debug\link.3640.read.1.tlog
C:\Users\Raul\Desktop\Brick\PlantillaOpenGL01\Debug\link.3640.write.1.tlog
C:\Users\Raul\Desktop\Brick\PlantillaOpenGL01\Debug\link.4524-cvtres.read.1.tlog
C:\Users\Raul\Desktop\Brick\PlantillaOpenGL01\Debug\link.4524-cvtres.write.1.tlog
C:\Users\Raul\Desktop\Brick\PlantillaOpenGL01\Debug\link.4524-rc.read.1.tlog
C:\Users\Raul\Desktop\Brick\PlantillaOpenGL01\Debug\link.4524-rc.write.1.tlog
C:\Users\Raul\Desktop\Brick\PlantillaOpenGL01\Debug\link.4524.read.1.tlog
C:\Users\Raul\Desktop\Brick\PlantillaOpenGL01\Debug\link.4524.write.1.tlog
C:\Users\Raul\Desktop\Brick\PlantillaOpenGL01\Debug\link.4784-cvtres.read.1.tlog
C:\Users\Raul\Desktop\Brick\PlantillaOpenGL01\Debug\link.4784-cvtres.write.1.tlog
C:\Users\Raul\Desktop\Brick\PlantillaOpenGL01\Debug\link.4784-rc.read.1.tlog
C:\Users\Raul\Desktop\Brick\PlantillaOpenGL01\Debug\link.4784-rc.write.1.tlog
C:\Users\Raul\Desktop\Brick\PlantillaOpenGL01\Debug\link.4784.read.1.tlog
C:\Users\Raul\Desktop\Brick\PlantillaOpenGL01\Debug\link.4784.write.1.tlog
C:\Users\Raul\Desktop\Brick\PlantillaOpenGL01\Debug\link.5128-cvtres.read.1.tlog
C:\Users\Raul\Desktop\Brick\PlantillaOpenGL01\Debug\link.5128-cvtres.write.1.tlog
C:\Users\Raul\Desktop\Brick\PlantillaOpenGL01\Debug\link.5128-rc.read.1.tlog
C:\Users\Raul\Desktop\Brick\PlantillaOpenGL01\Debug\link.5128-rc.write.1.tlog
C:\Users\Raul\Desktop\Brick\PlantillaOpenGL01\Debug\link.5128.read.1.tlog
C:\Users\Raul\Desktop\Brick\PlantillaOpenGL01\Debug\link.5128.write.1.tlog
C:\Users\Raul\Desktop\Brick\PlantillaOpenGL01\Debug\link.5460-cvtres.read.1.tlog
C:\Users\Raul\Desktop\Brick\PlantillaOpenGL01\Debug\link.5460-cvtres.write.1.tlog
C:\Users\Raul\Desktop\Brick\PlantillaOpenGL01\Debug\link.5460-rc.read.1.tlog
C:\Users\Raul\Desktop\Brick\PlantillaOpenGL01\Debug\link.5460-rc.write.1.tlog
C:\Users\Raul\Desktop\Brick\PlantillaOpenGL01\Debug\link.5460.read.1.tlog
C:\Users\Raul\Desktop\Brick\PlantillaOpenGL01\Debug\link.5460.write.1.tlog
C:\Users\Raul\Desktop\Brick\PlantillaOpenGL01\Debug\link.5700-cvtres.read.1.tlog
C:\Users\Raul\Desktop\Brick\PlantillaOpenGL01\Debug\link.5700-cvtres.write.1.tlog
C:\Users\Raul\Desktop\Brick\PlantillaOpenGL01\Debug\link.5700-rc.read.1.tlog
C:\Users\Raul\Desktop\Brick\PlantillaOpenGL01\Debug\link.5700-rc.write.1.tlog
C:\Users\Raul\Desktop\Brick\PlantillaOpenGL01\Debug\link.5700.read.1.tlog
C:\Users\Raul\Desktop\Brick\PlantillaOpenGL01\Debug\link.5700.write.1.tlog
C:\Users\Raul\Desktop\Brick\PlantillaOpenGL01\Debug\link.6224-cvtres.read.1.tlog
C:\Users\Raul\Desktop\Brick\PlantillaOpenGL01\Debug\link.6224-cvtres.write.1.tlog
C:\Users\Raul\Desktop\Brick\PlantillaOpenGL01\Debug\link.6224-rc.read.1.tlog
C:\Users\Raul\Desktop\Brick\PlantillaOpenGL01\Debug\link.6224-rc.write.1.tlog
C:\Users\Raul\Desktop\Brick\PlantillaOpenGL01\Debug\link.6224.read.1.tlog
C:\Users\Raul\Desktop\Brick\PlantillaOpenGL01\Debug\link.6224.write.1.tlog
C:\Users\Raul\Desktop\Brick\PlantillaOpenGL01\Debug\link.7840-cvtres.read.1.tlog
C:\Users\Raul\Desktop\Brick\PlantillaOpenGL01\Debug\link.7840-cvtres.write.1.tlog
C:\Users\Raul\Desktop\Brick\PlantillaOpenGL01\Debug\link.7840-rc.read.1.tlog
C:\Users\Raul\Desktop\Brick\PlantillaOpenGL01\Debug\link.7840-rc.write.1.tlog
C:\Users\Raul\Desktop\Brick\PlantillaOpenGL01\Debug\link.7840.read.1.tlog
C:\Users\Raul\Desktop\Brick\PlantillaOpenGL01\Debug\link.7840.write.1.tlog
C:\Users\Raul\Desktop\Brick\PlantillaOpenGL01\Debug\link.7912-cvtres.read.1.tlog
C:\Users\Raul\Desktop\Brick\PlantillaOpenGL01\Debug\link.7912-cvtres.write.1.tlog
C:\Users\Raul\Desktop\Brick\PlantillaOpenGL01\Debug\link.7912-rc.read.1.tlog
C:\Users\Raul\Desktop\Brick\PlantillaOpenGL01\Debug\link.7912-rc.write.1.tlog
C:\Users\Raul\Desktop\Brick\PlantillaOpenGL01\Debug\link.7912.read.1.tlog
C:\Users\Raul\Desktop\Brick\PlantillaOpenGL01\Debug\link.7912.write.1.tlog
C:\Users\Raul\Desktop\Brick\PlantillaOpenGL01\Debug\link.8220-cvtres.read.1.tlog
C:\Users\Raul\Desktop\Brick\PlantillaOpenGL01\Debug\link.8220-cvtres.write.1.tlog
C:\Users\Raul\Desktop\Brick\PlantillaOpenGL01\Debug\link.8220-rc.read.1.tlog
C:\Users\Raul\Desktop\Brick\PlantillaOpenGL01\Debug\link.8220-rc.write.1.tlog
C:\Users\Raul\Desktop\Brick\PlantillaOpenGL01\Debug\link.8220.read.1.tlog
C:\Users\Raul\Desktop\Brick\PlantillaOpenGL01\Debug\link.8220.write.1.tlog
C:\Users\Raul\Desktop\Brick\PlantillaOpenGL01\Debug\link.8592-cvtres.read.1.tlog
C:\Users\Raul\Desktop\Brick\PlantillaOpenGL01\Debug\link.8592-cvtres.write.1.tlog
C:\Users\Raul\Desktop\Brick\PlantillaOpenGL01\Debug\link.8592-rc.read.1.tlog
C:\Users\Raul\Desktop\Brick\PlantillaOpenGL01\Debug\link.8592-rc.write.1.tlog
C:\Users\Raul\Desktop\Brick\PlantillaOpenGL01\Debug\link.8592.read.1.tlog
C:\Users\Raul\Desktop\Brick\PlantillaOpenGL01\Debug\link.8592.write.1.tlog
C:\Users\Raul\Desktop\Brick\PlantillaOpenGL01\Debug\link.8860-cvtres.read.1.tlog
C:\Users\Raul\Desktop\Brick\PlantillaOpenGL01\Debug\link.8860-cvtres.write.1.tlog
C:\Users\Raul\Desktop\Brick\PlantillaOpenGL01\Debug\link.8860-rc.read.1.tlog
C:\Users\Raul\Desktop\Brick\PlantillaOpenGL01\Debug\link.8860-rc.write.1.tlog
C:\Users\Raul\Desktop\Brick\PlantillaOpenGL01\Debug\link.8860.read.1.tlog
C:\Users\Raul\Desktop\Brick\PlantillaOpenGL01\Debug\link.8860.write.1.tlog
C:\Users\Raul\Desktop\Brick\PlantillaOpenGL01\Debug\link.9232-cvtres.read.1.tlog
C:\Users\Raul\Desktop\Brick\PlantillaOpenGL01\Debug\link.9232-cvtres.write.1.tlog
C:\Users\Raul\Desktop\Brick\PlantillaOpenGL01\Debug\link.9232-rc.read.1.tlog
C:\Users\Raul\Desktop\Brick\PlantillaOpenGL01\Debug\link.9232-rc.write.1.tlog
C:\Users\Raul\Desktop\Brick\PlantillaOpenGL01\Debug\link.9232.read.1.tlog
C:\Users\Raul\Desktop\Brick\PlantillaOpenGL01\Debug\link.9232.write.1.tlog
C:\Users\Raul\Desktop\Brick\PlantillaOpenGL01\Debug\link.command.1.tlog
C:\Users\Raul\Desktop\Brick\PlantillaOpenGL01\Debug\link.read.1.tlog
C:\Users\Raul\Desktop\Brick\PlantillaOpenGL01\Debug\link.write.1.tlog
C:\Users\Raul\Desktop\Brick\PlantillaOpenGL01\Debug\NativeCodeAnalysis.read.1.tlog
C:\Users\Raul\Desktop\Brick\PlantillaOpenGL01\Debug\vc110.idb
C:\Users\Raul\Desktop\Brick\PlantillaOpenGL01\Debug\vc110.pdb
C:\Users\Raul\Desktop\Brick\PlantillaOpenGL01\Debug\main.cpp.nativecodeanalysis.xml
C:\Users\Raul\Desktop\Brick\PlantillaOpenGL01\Debug\vc.nativecodeanalysis.all.xml
C:\Users\Raul\Desktop\Brick\Debug\Brick.pdb
C:\Users\Raul\Desktop\Brick\Debug\Brick.exe
C:\Users\Raul\Desktop\Brick\Debug\Brick.ilk
