C:\USERS\RAUL\DESKTOP\PLANTILLAOPENGL01\PLANTILLAOPENGL01\DEBUG\MAIN.OBJ
C:\USERS\RAUL\DESKTOP\PLANTILLAOPENGL01\PLANTILLAOPENGL01\DEBUG\VC110.PDB
C:\USERS\RAUL\DESKTOP\PLANTILLAOPENGL01\DEBUG\PLANTILLAOPENGL01.ILK
C:\USERS\RAUL\DESKTOP\PLANTILLAOPENGL01\DEBUG\PLANTILLAOPENGL01.EXE
C:\USERS\RAUL\DESKTOP\PLANTILLAOPENGL01\DEBUG\PLANTILLAOPENGL01.PDB
C:\Users\Raul\Desktop\PlantillaOpenGL01\PlantillaOpenGL01\Debug\main.obj
C:\Users\Raul\Desktop\PlantillaOpenGL01\PlantillaOpenGL01\Debug\cl.command.1.tlog
C:\Users\Raul\Desktop\PlantillaOpenGL01\PlantillaOpenGL01\Debug\CL.read.1.tlog
C:\Users\Raul\Desktop\PlantillaOpenGL01\PlantillaOpenGL01\Debug\CL.write.1.tlog
C:\Users\Raul\Desktop\PlantillaOpenGL01\PlantillaOpenGL01\Debug\link-cvtres.read.1.tlog
C:\Users\Raul\Desktop\PlantillaOpenGL01\PlantillaOpenGL01\Debug\link-cvtres.write.1.tlog
C:\Users\Raul\Desktop\PlantillaOpenGL01\PlantillaOpenGL01\Debug\link-rc.read.1.tlog
C:\Users\Raul\Desktop\PlantillaOpenGL01\PlantillaOpenGL01\Debug\link-rc.write.1.tlog
C:\Users\Raul\Desktop\PlantillaOpenGL01\PlantillaOpenGL01\Debug\link.command.1.tlog
C:\Users\Raul\Desktop\PlantillaOpenGL01\PlantillaOpenGL01\Debug\link.read.1.tlog
C:\Users\Raul\Desktop\PlantillaOpenGL01\PlantillaOpenGL01\Debug\link.write.1.tlog
C:\Users\Raul\Desktop\PlantillaOpenGL01\PlantillaOpenGL01\Debug\vc110.idb
C:\Users\Raul\Desktop\PlantillaOpenGL01\PlantillaOpenGL01\Debug\vc110.pdb
C:\Users\Raul\Desktop\PlantillaOpenGL01\Debug\PlantillaOpenGL01.pdb
C:\Users\Raul\Desktop\PlantillaOpenGL01\Debug\PlantillaOpenGL01.exe
C:\Users\Raul\Desktop\PlantillaOpenGL01\Debug\PlantillaOpenGL01.ilk
